<?xml version="1.0" encoding="UTF-8"?>
<testsuite name="webServiceApi.WebServiceRunner" tests="7" skipped="0" failures="0" errors="0" timestamp="2022-04-09T19:03:35" hostname="DESKTOP-L79UOCJ" time="2.912">
  <properties/>
  <testcase name="[1:11] Testing: Endpoint GET valido" classname="webServiceApi.WebServiceRunner" time="1.885"/>
  <testcase name="[2:17] Testing: Endpoint GET invalido - 404" classname="webServiceApi.WebServiceRunner" time="0.029"/>
  <testcase name="[3:22] Testing: Resposta com quantidade de registros exatos de um endpoint GET" classname="webServiceApi.WebServiceRunner" time="0.046"/>
  <testcase name="[4:35] Testing: Valor exato do primeiro registro retornado no endpoint GET" classname="webServiceApi.WebServiceRunner" time="0.023"/>
  <testcase name="[5:43] Testing: Resposta GET contem um campo especifico" classname="webServiceApi.WebServiceRunner" time="0.017"/>
  <testcase name="[6:49] Testing: Resposta GET validando campo obrigatorio usando marcadores" classname="webServiceApi.WebServiceRunner" time="0.018"/>
  <testcase name="[7:60] Testing: Endpoint POST com o corpo da solicitacao" classname="webServiceApi.WebServiceRunner" time="0.892"/>
  <system-out><![CDATA[16:03:34,523 |-INFO in ch.qos.logback.classic.LoggerContext[default] - Found resource [logback-test.xml] at [file:/C:/workspace/karate-api-test/build/resources/test/logback-test.xml]
16:03:34,605 |-INFO in ch.qos.logback.classic.joran.action.ConfigurationAction - debug attribute not set
16:03:34,606 |-INFO in ch.qos.logback.core.joran.action.AppenderAction - About to instantiate appender of type [ch.qos.logback.core.ConsoleAppender]
16:03:34,616 |-INFO in ch.qos.logback.core.joran.action.AppenderAction - Naming appender as [STDOUT]
16:03:34,624 |-ERROR in ch.qos.logback.core.joran.action.NestedComplexPropertyIA - Could not create component [layout] of type [ch.qos.logback.contrib.json.classic.JsonLayout] java.lang.ClassNotFoundException: ch.qos.logback.contrib.json.classic.JsonLayout
	at java.lang.ClassNotFoundException: ch.qos.logback.contrib.json.classic.JsonLayout
	at 	at java.base/jdk.internal.loader.BuiltinClassLoader.loadClass(BuiltinClassLoader.java:581)
	at 	at java.base/jdk.internal.loader.ClassLoaders$AppClassLoader.loadClass(ClassLoaders.java:178)
	at 	at java.base/java.lang.ClassLoader.loadClass(ClassLoader.java:522)
	at 	at ch.qos.logback.core.util.Loader.loadClass(Loader.java:120)
	at 	at ch.qos.logback.core.joran.action.NestedComplexPropertyIA.begin(NestedComplexPropertyIA.java:102)
	at 	at ch.qos.logback.core.joran.spi.Interpreter.callBeginAction(Interpreter.java:269)
	at 	at ch.qos.logback.core.joran.spi.Interpreter.startElement(Interpreter.java:145)
	at 	at ch.qos.logback.core.joran.spi.Interpreter.startElement(Interpreter.java:128)
	at 	at ch.qos.logback.core.joran.spi.EventPlayer.play(EventPlayer.java:50)
	at 	at ch.qos.logback.core.joran.GenericConfigurator.doConfigure(GenericConfigurator.java:165)
	at 	at ch.qos.logback.core.joran.GenericConfigurator.doConfigure(GenericConfigurator.java:152)
	at 	at ch.qos.logback.core.joran.GenericConfigurator.doConfigure(GenericConfigurator.java:110)
	at 	at ch.qos.logback.core.joran.GenericConfigurator.doConfigure(GenericConfigurator.java:53)
	at 	at ch.qos.logback.classic.util.ContextInitializer.configureByResource(ContextInitializer.java:75)
	at 	at ch.qos.logback.classic.util.ContextInitializer.autoConfig(ContextInitializer.java:150)
	at 	at org.slf4j.impl.StaticLoggerBinder.init(StaticLoggerBinder.java:84)
	at 	at org.slf4j.impl.StaticLoggerBinder.<clinit>(StaticLoggerBinder.java:55)
	at 	at org.slf4j.LoggerFactory.bind(LoggerFactory.java:150)
	at 	at org.slf4j.LoggerFactory.performInitialization(LoggerFactory.java:124)
	at 	at org.slf4j.LoggerFactory.getILoggerFactory(LoggerFactory.java:417)
	at 	at org.slf4j.LoggerFactory.getLogger(LoggerFactory.java:362)
	at 	at org.slf4j.LoggerFactory.getLogger(LoggerFactory.java:388)
	at 	at com.intuit.karate.resource.ResourceUtils.<clinit>(ResourceUtils.java:58)
	at 	at com.intuit.karate.Runner$Builder.relativeTo(Runner.java:401)
	at 	at webServiceApi.WebServiceRunner.testAll(WebServiceRunner.kt:9)
	at 	at java.base/jdk.internal.reflect.NativeMethodAccessorImpl.invoke0(Native Method)
	at 	at java.base/jdk.internal.reflect.NativeMethodAccessorImpl.invoke(NativeMethodAccessorImpl.java:62)
	at 	at java.base/jdk.internal.reflect.DelegatingMethodAccessorImpl.invoke(DelegatingMethodAccessorImpl.java:43)
	at 	at java.base/java.lang.reflect.Method.invoke(Method.java:566)
	at 	at org.junit.platform.commons.util.ReflectionUtils.invokeMethod(ReflectionUtils.java:688)
	at 	at org.junit.jupiter.engine.execution.ExecutableInvoker.invoke(ExecutableInvoker.java:117)
	at 	at org.junit.jupiter.engine.descriptor.TestFactoryTestDescriptor.lambda$invokeTestMethod$1(TestFactoryTestDescriptor.java:90)
	at 	at org.junit.platform.engine.support.hierarchical.ThrowableCollector.execute(ThrowableCollector.java:73)
	at 	at org.junit.jupiter.engine.descriptor.TestFactoryTestDescriptor.invokeTestMethod(TestFactoryTestDescriptor.java:88)
	at 	at org.junit.jupiter.engine.descriptor.TestMethodTestDescriptor.execute(TestMethodTestDescriptor.java:127)
	at 	at org.junit.jupiter.engine.descriptor.TestMethodTestDescriptor.execute(TestMethodTestDescriptor.java:68)
	at 	at org.junit.platform.engine.support.hierarchical.NodeTestTask.lambda$executeRecursively$5(NodeTestTask.java:139)
	at 	at org.junit.platform.engine.support.hierarchical.ThrowableCollector.execute(ThrowableCollector.java:73)
	at 	at org.junit.platform.engine.support.hierarchical.NodeTestTask.lambda$executeRecursively$7(NodeTestTask.java:129)
	at 	at org.junit.platform.engine.support.hierarchical.Node.around(Node.java:137)
	at 	at org.junit.platform.engine.support.hierarchical.NodeTestTask.lambda$executeRecursively$8(NodeTestTask.java:127)
	at 	at org.junit.platform.engine.support.hierarchical.ThrowableCollector.execute(ThrowableCollector.java:73)
	at 	at org.junit.platform.engine.support.hierarchical.NodeTestTask.executeRecursively(NodeTestTask.java:126)
	at 	at org.junit.platform.engine.support.hierarchical.NodeTestTask.execute(NodeTestTask.java:84)
	at 	at java.base/java.util.ArrayList.forEach(ArrayList.java:1541)
	at 	at org.junit.platform.engine.support.hierarchical.SameThreadHierarchicalTestExecutorService.invokeAll(SameThreadHierarchicalTestExecutorService.java:38)
	at 	at org.junit.platform.engine.support.hierarchical.NodeTestTask.lambda$executeRecursively$5(NodeTestTask.java:143)
	at 	at org.junit.platform.engine.support.hierarchical.ThrowableCollector.execute(ThrowableCollector.java:73)
	at 	at org.junit.platform.engine.support.hierarchical.NodeTestTask.lambda$executeRecursively$7(NodeTestTask.java:129)
	at 	at org.junit.platform.engine.support.hierarchical.Node.around(Node.java:137)
	at 	at org.junit.platform.engine.support.hierarchical.NodeTestTask.lambda$executeRecursively$8(NodeTestTask.java:127)
	at 	at org.junit.platform.engine.support.hierarchical.ThrowableCollector.execute(ThrowableCollector.java:73)
	at 	at org.junit.platform.engine.support.hierarchical.NodeTestTask.executeRecursively(NodeTestTask.java:126)
	at 	at org.junit.platform.engine.support.hierarchical.NodeTestTask.execute(NodeTestTask.java:84)
	at 	at java.base/java.util.ArrayList.forEach(ArrayList.java:1541)
	at 	at org.junit.platform.engine.support.hierarchical.SameThreadHierarchicalTestExecutorService.invokeAll(SameThreadHierarchicalTestExecutorService.java:38)
	at 	at org.junit.platform.engine.support.hierarchical.NodeTestTask.lambda$executeRecursively$5(NodeTestTask.java:143)
	at 	at org.junit.platform.engine.support.hierarchical.ThrowableCollector.execute(ThrowableCollector.java:73)
	at 	at org.junit.platform.engine.support.hierarchical.NodeTestTask.lambda$executeRecursively$7(NodeTestTask.java:129)
	at 	at org.junit.platform.engine.support.hierarchical.Node.around(Node.java:137)
	at 	at org.junit.platform.engine.support.hierarchical.NodeTestTask.lambda$executeRecursively$8(NodeTestTask.java:127)
	at 	at org.junit.platform.engine.support.hierarchical.ThrowableCollector.execute(ThrowableCollector.java:73)
	at 	at org.junit.platform.engine.support.hierarchical.NodeTestTask.executeRecursively(NodeTestTask.java:126)
	at 	at org.junit.platform.engine.support.hierarchical.NodeTestTask.execute(NodeTestTask.java:84)
	at 	at org.junit.platform.engine.support.hierarchical.SameThreadHierarchicalTestExecutorService.submit(SameThreadHierarchicalTestExecutorService.java:32)
	at 	at org.junit.platform.engine.support.hierarchical.HierarchicalTestExecutor.execute(HierarchicalTestExecutor.java:57)
	at 	at org.junit.platform.engine.support.hierarchical.HierarchicalTestEngine.execute(HierarchicalTestEngine.java:51)
	at 	at org.junit.platform.launcher.core.EngineExecutionOrchestrator.execute(EngineExecutionOrchestrator.java:108)
	at 	at org.junit.platform.launcher.core.EngineExecutionOrchestrator.execute(EngineExecutionOrchestrator.java:88)
	at 	at org.junit.platform.launcher.core.EngineExecutionOrchestrator.lambda$execute$0(EngineExecutionOrchestrator.java:54)
	at 	at org.junit.platform.launcher.core.EngineExecutionOrchestrator.withInterceptedStreams(EngineExecutionOrchestrator.java:67)
	at 	at org.junit.platform.launcher.core.EngineExecutionOrchestrator.execute(EngineExecutionOrchestrator.java:52)
	at 	at org.junit.platform.launcher.core.DefaultLauncher.execute(DefaultLauncher.java:96)
	at 	at org.junit.platform.launcher.core.DefaultLauncher.execute(DefaultLauncher.java:75)
	at 	at org.gradle.api.internal.tasks.testing.junitplatform.JUnitPlatformTestClassProcessor$CollectAllTestClassesExecutor.processAllTestClasses(JUnitPlatformTestClassProcessor.java:99)
	at 	at org.gradle.api.internal.tasks.testing.junitplatform.JUnitPlatformTestClassProcessor$CollectAllTestClassesExecutor.access$000(JUnitPlatformTestClassProcessor.java:79)
	at 	at org.gradle.api.internal.tasks.testing.junitplatform.JUnitPlatformTestClassProcessor.stop(JUnitPlatformTestClassProcessor.java:75)
	at 	at org.gradle.api.internal.tasks.testing.SuiteTestClassProcessor.stop(SuiteTestClassProcessor.java:61)
	at 	at java.base/jdk.internal.reflect.NativeMethodAccessorImpl.invoke0(Native Method)
	at 	at java.base/jdk.internal.reflect.NativeMethodAccessorImpl.invoke(NativeMethodAccessorImpl.java:62)
	at 	at java.base/jdk.internal.reflect.DelegatingMethodAccessorImpl.invoke(DelegatingMethodAccessorImpl.java:43)
	at 	at java.base/java.lang.reflect.Method.invoke(Method.java:566)
	at 	at org.gradle.internal.dispatch.ReflectionDispatch.dispatch(ReflectionDispatch.java:36)
	at 	at org.gradle.internal.dispatch.ReflectionDispatch.dispatch(ReflectionDispatch.java:24)
	at 	at org.gradle.internal.dispatch.ContextClassLoaderDispatch.dispatch(ContextClassLoaderDispatch.java:33)
	at 	at org.gradle.internal.dispatch.ProxyDispatchAdapter$DispatchingInvocationHandler.invoke(ProxyDispatchAdapter.java:94)
	at 	at com.sun.proxy.$Proxy5.stop(Unknown Source)
	at 	at org.gradle.api.internal.tasks.testing.worker.TestWorker.stop(TestWorker.java:135)
	at 	at java.base/jdk.internal.reflect.NativeMethodAccessorImpl.invoke0(Native Method)
	at 	at java.base/jdk.internal.reflect.NativeMethodAccessorImpl.invoke(NativeMethodAccessorImpl.java:62)
	at 	at java.base/jdk.internal.reflect.DelegatingMethodAccessorImpl.invoke(DelegatingMethodAccessorImpl.java:43)
	at 	at java.base/java.lang.reflect.Method.invoke(Method.java:566)
	at 	at org.gradle.internal.dispatch.ReflectionDispatch.dispatch(ReflectionDispatch.java:36)
	at 	at org.gradle.internal.dispatch.ReflectionDispatch.dispatch(ReflectionDispatch.java:24)
	at 	at org.gradle.internal.remote.internal.hub.MessageHubBackedObjectConnection$DispatchWrapper.dispatch(MessageHubBackedObjectConnection.java:182)
	at 	at org.gradle.internal.remote.internal.hub.MessageHubBackedObjectConnection$DispatchWrapper.dispatch(MessageHubBackedObjectConnection.java:164)
	at 	at org.gradle.internal.remote.internal.hub.MessageHub$Handler.run(MessageHub.java:414)
	at 	at org.gradle.internal.concurrent.ExecutorPolicy$CatchAndRecordFailures.onExecute(ExecutorPolicy.java:64)
	at 	at org.gradle.internal.concurrent.ManagedExecutorImpl$1.run(ManagedExecutorImpl.java:48)
	at 	at java.base/java.util.concurrent.ThreadPoolExecutor.runWorker(ThreadPoolExecutor.java:1128)
	at 	at java.base/java.util.concurrent.ThreadPoolExecutor$Worker.run(ThreadPoolExecutor.java:628)
	at 	at org.gradle.internal.concurrent.ThreadFactoryImpl$ManagedThreadRunnable.run(ThreadFactoryImpl.java:56)
	at 	at java.base/java.lang.Thread.run(Thread.java:829)
16:03:34,625 |-ERROR in ch.qos.logback.core.joran.spi.Interpreter@7:34 - no applicable action for [timestampFormat], current ElementPath  is [[configuration][appender][encoder][layout][timestampFormat]]
16:03:34,625 |-ERROR in ch.qos.logback.core.joran.spi.Interpreter@8:93 - no applicable action for [jsonFormatter], current ElementPath  is [[configuration][appender][encoder][layout][jsonFormatter]]
16:03:34,625 |-ERROR in ch.qos.logback.core.joran.spi.Interpreter@9:38 - no applicable action for [appendLineSeparator], current ElementPath  is [[configuration][appender][encoder][layout][appendLineSeparator]]
16:03:34,626 |-INFO in ch.qos.logback.core.joran.action.AppenderAction - About to instantiate appender of type [ch.qos.logback.core.FileAppender]
16:03:34,630 |-INFO in ch.qos.logback.core.joran.action.AppenderAction - Naming appender as [FILE]
16:03:34,631 |-ERROR in ch.qos.logback.core.joran.action.NestedComplexPropertyIA - Could not create component [layout] of type [ch.qos.logback.contrib.json.classic.JsonLayout] java.lang.ClassNotFoundException: ch.qos.logback.contrib.json.classic.JsonLayout
	at java.lang.ClassNotFoundException: ch.qos.logback.contrib.json.classic.JsonLayout
	at 	at java.base/jdk.internal.loader.BuiltinClassLoader.loadClass(BuiltinClassLoader.java:581)
	at 	at java.base/jdk.internal.loader.ClassLoaders$AppClassLoader.loadClass(ClassLoaders.java:178)
	at 	at java.base/java.lang.ClassLoader.loadClass(ClassLoader.java:522)
	at 	at ch.qos.logback.core.util.Loader.loadClass(Loader.java:120)
	at 	at ch.qos.logback.core.joran.action.NestedComplexPropertyIA.begin(NestedComplexPropertyIA.java:102)
	at 	at ch.qos.logback.core.joran.spi.Interpreter.callBeginAction(Interpreter.java:269)
	at 	at ch.qos.logback.core.joran.spi.Interpreter.startElement(Interpreter.java:145)
	at 	at ch.qos.logback.core.joran.spi.Interpreter.startElement(Interpreter.java:128)
	at 	at ch.qos.logback.core.joran.spi.EventPlayer.play(EventPlayer.java:50)
	at 	at ch.qos.logback.core.joran.GenericConfigurator.doConfigure(GenericConfigurator.java:165)
	at 	at ch.qos.logback.core.joran.GenericConfigurator.doConfigure(GenericConfigurator.java:152)
	at 	at ch.qos.logback.core.joran.GenericConfigurator.doConfigure(GenericConfigurator.java:110)
	at 	at ch.qos.logback.core.joran.GenericConfigurator.doConfigure(GenericConfigurator.java:53)
	at 	at ch.qos.logback.classic.util.ContextInitializer.configureByResource(ContextInitializer.java:75)
	at 	at ch.qos.logback.classic.util.ContextInitializer.autoConfig(ContextInitializer.java:150)
	at 	at org.slf4j.impl.StaticLoggerBinder.init(StaticLoggerBinder.java:84)
	at 	at org.slf4j.impl.StaticLoggerBinder.<clinit>(StaticLoggerBinder.java:55)
	at 	at org.slf4j.LoggerFactory.bind(LoggerFactory.java:150)
	at 	at org.slf4j.LoggerFactory.performInitialization(LoggerFactory.java:124)
	at 	at org.slf4j.LoggerFactory.getILoggerFactory(LoggerFactory.java:417)
	at 	at org.slf4j.LoggerFactory.getLogger(LoggerFactory.java:362)
	at 	at org.slf4j.LoggerFactory.getLogger(LoggerFactory.java:388)
	at 	at com.intuit.karate.resource.ResourceUtils.<clinit>(ResourceUtils.java:58)
	at 	at com.intuit.karate.Runner$Builder.relativeTo(Runner.java:401)
	at 	at webServiceApi.WebServiceRunner.testAll(WebServiceRunner.kt:9)
	at 	at java.base/jdk.internal.reflect.NativeMethodAccessorImpl.invoke0(Native Method)
	at 	at java.base/jdk.internal.reflect.NativeMethodAccessorImpl.invoke(NativeMethodAccessorImpl.java:62)
	at 	at java.base/jdk.internal.reflect.DelegatingMethodAccessorImpl.invoke(DelegatingMethodAccessorImpl.java:43)
	at 	at java.base/java.lang.reflect.Method.invoke(Method.java:566)
	at 	at org.junit.platform.commons.util.ReflectionUtils.invokeMethod(ReflectionUtils.java:688)
	at 	at org.junit.jupiter.engine.execution.ExecutableInvoker.invoke(ExecutableInvoker.java:117)
	at 	at org.junit.jupiter.engine.descriptor.TestFactoryTestDescriptor.lambda$invokeTestMethod$1(TestFactoryTestDescriptor.java:90)
	at 	at org.junit.platform.engine.support.hierarchical.ThrowableCollector.execute(ThrowableCollector.java:73)
	at 	at org.junit.jupiter.engine.descriptor.TestFactoryTestDescriptor.invokeTestMethod(TestFactoryTestDescriptor.java:88)
	at 	at org.junit.jupiter.engine.descriptor.TestMethodTestDescriptor.execute(TestMethodTestDescriptor.java:127)
	at 	at org.junit.jupiter.engine.descriptor.TestMethodTestDescriptor.execute(TestMethodTestDescriptor.java:68)
	at 	at org.junit.platform.engine.support.hierarchical.NodeTestTask.lambda$executeRecursively$5(NodeTestTask.java:139)
	at 	at org.junit.platform.engine.support.hierarchical.ThrowableCollector.execute(ThrowableCollector.java:73)
	at 	at org.junit.platform.engine.support.hierarchical.NodeTestTask.lambda$executeRecursively$7(NodeTestTask.java:129)
	at 	at org.junit.platform.engine.support.hierarchical.Node.around(Node.java:137)
	at 	at org.junit.platform.engine.support.hierarchical.NodeTestTask.lambda$executeRecursively$8(NodeTestTask.java:127)
	at 	at org.junit.platform.engine.support.hierarchical.ThrowableCollector.execute(ThrowableCollector.java:73)
	at 	at org.junit.platform.engine.support.hierarchical.NodeTestTask.executeRecursively(NodeTestTask.java:126)
	at 	at org.junit.platform.engine.support.hierarchical.NodeTestTask.execute(NodeTestTask.java:84)
	at 	at java.base/java.util.ArrayList.forEach(ArrayList.java:1541)
	at 	at org.junit.platform.engine.support.hierarchical.SameThreadHierarchicalTestExecutorService.invokeAll(SameThreadHierarchicalTestExecutorService.java:38)
	at 	at org.junit.platform.engine.support.hierarchical.NodeTestTask.lambda$executeRecursively$5(NodeTestTask.java:143)
	at 	at org.junit.platform.engine.support.hierarchical.ThrowableCollector.execute(ThrowableCollector.java:73)
	at 	at org.junit.platform.engine.support.hierarchical.NodeTestTask.lambda$executeRecursively$7(NodeTestTask.java:129)
	at 	at org.junit.platform.engine.support.hierarchical.Node.around(Node.java:137)
	at 	at org.junit.platform.engine.support.hierarchical.NodeTestTask.lambda$executeRecursively$8(NodeTestTask.java:127)
	at 	at org.junit.platform.engine.support.hierarchical.ThrowableCollector.execute(ThrowableCollector.java:73)
	at 	at org.junit.platform.engine.support.hierarchical.NodeTestTask.executeRecursively(NodeTestTask.java:126)
	at 	at org.junit.platform.engine.support.hierarchical.NodeTestTask.execute(NodeTestTask.java:84)
	at 	at java.base/java.util.ArrayList.forEach(ArrayList.java:1541)
	at 	at org.junit.platform.engine.support.hierarchical.SameThreadHierarchicalTestExecutorService.invokeAll(SameThreadHierarchicalTestExecutorService.java:38)
	at 	at org.junit.platform.engine.support.hierarchical.NodeTestTask.lambda$executeRecursively$5(NodeTestTask.java:143)
	at 	at org.junit.platform.engine.support.hierarchical.ThrowableCollector.execute(ThrowableCollector.java:73)
	at 	at org.junit.platform.engine.support.hierarchical.NodeTestTask.lambda$executeRecursively$7(NodeTestTask.java:129)
	at 	at org.junit.platform.engine.support.hierarchical.Node.around(Node.java:137)
	at 	at org.junit.platform.engine.support.hierarchical.NodeTestTask.lambda$executeRecursively$8(NodeTestTask.java:127)
	at 	at org.junit.platform.engine.support.hierarchical.ThrowableCollector.execute(ThrowableCollector.java:73)
	at 	at org.junit.platform.engine.support.hierarchical.NodeTestTask.executeRecursively(NodeTestTask.java:126)
	at 	at org.junit.platform.engine.support.hierarchical.NodeTestTask.execute(NodeTestTask.java:84)
	at 	at org.junit.platform.engine.support.hierarchical.SameThreadHierarchicalTestExecutorService.submit(SameThreadHierarchicalTestExecutorService.java:32)
	at 	at org.junit.platform.engine.support.hierarchical.HierarchicalTestExecutor.execute(HierarchicalTestExecutor.java:57)
	at 	at org.junit.platform.engine.support.hierarchical.HierarchicalTestEngine.execute(HierarchicalTestEngine.java:51)
	at 	at org.junit.platform.launcher.core.EngineExecutionOrchestrator.execute(EngineExecutionOrchestrator.java:108)
	at 	at org.junit.platform.launcher.core.EngineExecutionOrchestrator.execute(EngineExecutionOrchestrator.java:88)
	at 	at org.junit.platform.launcher.core.EngineExecutionOrchestrator.lambda$execute$0(EngineExecutionOrchestrator.java:54)
	at 	at org.junit.platform.launcher.core.EngineExecutionOrchestrator.withInterceptedStreams(EngineExecutionOrchestrator.java:67)
	at 	at org.junit.platform.launcher.core.EngineExecutionOrchestrator.execute(EngineExecutionOrchestrator.java:52)
	at 	at org.junit.platform.launcher.core.DefaultLauncher.execute(DefaultLauncher.java:96)
	at 	at org.junit.platform.launcher.core.DefaultLauncher.execute(DefaultLauncher.java:75)
	at 	at org.gradle.api.internal.tasks.testing.junitplatform.JUnitPlatformTestClassProcessor$CollectAllTestClassesExecutor.processAllTestClasses(JUnitPlatformTestClassProcessor.java:99)
	at 	at org.gradle.api.internal.tasks.testing.junitplatform.JUnitPlatformTestClassProcessor$CollectAllTestClassesExecutor.access$000(JUnitPlatformTestClassProcessor.java:79)
	at 	at org.gradle.api.internal.tasks.testing.junitplatform.JUnitPlatformTestClassProcessor.stop(JUnitPlatformTestClassProcessor.java:75)
	at 	at org.gradle.api.internal.tasks.testing.SuiteTestClassProcessor.stop(SuiteTestClassProcessor.java:61)
	at 	at java.base/jdk.internal.reflect.NativeMethodAccessorImpl.invoke0(Native Method)
	at 	at java.base/jdk.internal.reflect.NativeMethodAccessorImpl.invoke(NativeMethodAccessorImpl.java:62)
	at 	at java.base/jdk.internal.reflect.DelegatingMethodAccessorImpl.invoke(DelegatingMethodAccessorImpl.java:43)
	at 	at java.base/java.lang.reflect.Method.invoke(Method.java:566)
	at 	at org.gradle.internal.dispatch.ReflectionDispatch.dispatch(ReflectionDispatch.java:36)
	at 	at org.gradle.internal.dispatch.ReflectionDispatch.dispatch(ReflectionDispatch.java:24)
	at 	at org.gradle.internal.dispatch.ContextClassLoaderDispatch.dispatch(ContextClassLoaderDispatch.java:33)
	at 	at org.gradle.internal.dispatch.ProxyDispatchAdapter$DispatchingInvocationHandler.invoke(ProxyDispatchAdapter.java:94)
	at 	at com.sun.proxy.$Proxy5.stop(Unknown Source)
	at 	at org.gradle.api.internal.tasks.testing.worker.TestWorker.stop(TestWorker.java:135)
	at 	at java.base/jdk.internal.reflect.NativeMethodAccessorImpl.invoke0(Native Method)
	at 	at java.base/jdk.internal.reflect.NativeMethodAccessorImpl.invoke(NativeMethodAccessorImpl.java:62)
	at 	at java.base/jdk.internal.reflect.DelegatingMethodAccessorImpl.invoke(DelegatingMethodAccessorImpl.java:43)
	at 	at java.base/java.lang.reflect.Method.invoke(Method.java:566)
	at 	at org.gradle.internal.dispatch.ReflectionDispatch.dispatch(ReflectionDispatch.java:36)
	at 	at org.gradle.internal.dispatch.ReflectionDispatch.dispatch(ReflectionDispatch.java:24)
	at 	at org.gradle.internal.remote.internal.hub.MessageHubBackedObjectConnection$DispatchWrapper.dispatch(MessageHubBackedObjectConnection.java:182)
	at 	at org.gradle.internal.remote.internal.hub.MessageHubBackedObjectConnection$DispatchWrapper.dispatch(MessageHubBackedObjectConnection.java:164)
	at 	at org.gradle.internal.remote.internal.hub.MessageHub$Handler.run(MessageHub.java:414)
	at 	at org.gradle.internal.concurrent.ExecutorPolicy$CatchAndRecordFailures.onExecute(ExecutorPolicy.java:64)
	at 	at org.gradle.internal.concurrent.ManagedExecutorImpl$1.run(ManagedExecutorImpl.java:48)
	at 	at java.base/java.util.concurrent.ThreadPoolExecutor.runWorker(ThreadPoolExecutor.java:1128)
	at 	at java.base/java.util.concurrent.ThreadPoolExecutor$Worker.run(ThreadPoolExecutor.java:628)
	at 	at org.gradle.internal.concurrent.ThreadFactoryImpl$ManagedThreadRunnable.run(ThreadFactoryImpl.java:56)
	at 	at java.base/java.lang.Thread.run(Thread.java:829)
16:03:34,631 |-ERROR in ch.qos.logback.core.joran.spi.Interpreter@19:34 - no applicable action for [timestampFormat], current ElementPath  is [[configuration][appender][encoder][layout][timestampFormat]]
16:03:34,631 |-ERROR in ch.qos.logback.core.joran.spi.Interpreter@20:93 - no applicable action for [jsonFormatter], current ElementPath  is [[configuration][appender][encoder][layout][jsonFormatter]]
16:03:34,631 |-ERROR in ch.qos.logback.core.joran.spi.Interpreter@21:38 - no applicable action for [appendLineSeparator], current ElementPath  is [[configuration][appender][encoder][layout][appendLineSeparator]]
16:03:34,632 |-INFO in ch.qos.logback.core.FileAppender[FILE] - File property is set to [build/karate.log]
16:03:34,634 |-INFO in ch.qos.logback.classic.joran.action.LoggerAction - Setting level of logger [com.intuit.karate] to DEBUG
16:03:34,634 |-INFO in ch.qos.logback.core.joran.action.AppenderRefAction - Attaching appender named [FILE] to Logger[com.intuit.karate]
16:03:34,635 |-INFO in ch.qos.logback.classic.joran.action.LoggerAction - Setting level of logger [org.apache.http.wire] to DEBUG
16:03:34,635 |-INFO in ch.qos.logback.core.joran.action.AppenderRefAction - Attaching appender named [FILE] to Logger[org.apache.http.wire]
16:03:34,635 |-INFO in ch.qos.logback.classic.joran.action.RootLoggerAction - Setting level of ROOT logger to WARN
16:03:34,635 |-INFO in ch.qos.logback.core.joran.action.AppenderRefAction - Attaching appender named [STDOUT] to Logger[ROOT]
16:03:34,635 |-INFO in ch.qos.logback.classic.joran.action.ConfigurationAction - End of configuration.
16:03:34,636 |-INFO in ch.qos.logback.classic.joran.JoranConfigurator@7d8f1e76 - Registering current configuration as safe fallback point

---------------------------------------------------------
feature: classpath:webServiceApi/WebServiceTest.feature
scenarios:  7 | passed:  7 | failed:  0 | time: 0,7305
---------------------------------------------------------

Karate version: 1.1.0
======================================================
elapsed:   3,20 | threads:    1 | thread time: 0,73 
features:     1 | skipped:    0 | efficiency: 0,23
scenarios:    7 | passed:     7 | failed: 0
======================================================

HTML report: (paste into browser to view) | Karate version: 1.1.0
file:///C:/workspace/karate-api-test/build/karate-reports/karate-summary.html
===================================================================

]]></system-out>
  <system-err><![CDATA[]]></system-err>
</testsuite>
